This file contains any messages produced by compilers while
running configure, to aid debugging if configure makes a mistake.

It was created by configure, which was
generated by GNU Autoconf 2.65.  Invocation command line was

  $ ./configure 

## --------- ##
## Platform. ##
## --------- ##

hostname = fijoa
uname -m = x86_64
uname -r = 2.6.32-25-generic
uname -s = Linux
uname -v = #45-Ubuntu SMP Sat Oct 16 19:52:42 UTC 2010

/usr/bin/uname -p = unknown
/bin/uname -X     = unknown

/bin/arch              = unknown
/usr/bin/arch -k       = unknown
/usr/convex/getsysinfo = unknown
/usr/bin/hostinfo      = unknown
/bin/machine           = unknown
/usr/bin/oslevel       = unknown
/bin/universe          = unknown

PATH: /usr/local/sbin
PATH: /usr/local/bin
PATH: /usr/sbin
PATH: /usr/bin
PATH: /sbin
PATH: /bin
PATH: /usr/X11R6/bin


## ----------- ##
## Core tests. ##
## ----------- ##

configure:1781: checking for a BSD-compatible install
configure:1849: result: /usr/bin/install -c
configure:1860: checking whether build environment is sane
configure:1897: result: yes
configure:1959: checking for gawk
configure:1975: found /usr/bin/gawk
configure:1986: result: gawk
configure:1997: checking whether make sets $(MAKE)
configure:2019: result: yes
configure:2252: checking for gcc
configure:2268: found /usr/bin/gcc
configure:2279: result: gcc
configure:2508: checking for C compiler version
configure:2517: gcc --version >&5
gcc (Ubuntu 4.4.3-4ubuntu5) 4.4.3
Copyright (C) 2009 Free Software Foundation, Inc.
This is free software; see the source for copying conditions.  There is NO
warranty; not even for MERCHANTABILITY or FITNESS FOR A PARTICULAR PURPOSE.

configure:2528: $? = 0
configure:2517: gcc -v >&5
Using built-in specs.
Target: x86_64-linux-gnu
Configured with: ../src/configure -v --with-pkgversion='Ubuntu 4.4.3-4ubuntu5' --with-bugurl=file:///usr/share/doc/gcc-4.4/README.Bugs --enable-languages=c,c++,fortran,objc,obj-c++ --prefix=/usr --enable-shared --enable-multiarch --enable-linker-build-id --with-system-zlib --libexecdir=/usr/lib --without-included-gettext --enable-threads=posix --with-gxx-include-dir=/usr/include/c++/4.4 --program-suffix=-4.4 --enable-nls --enable-clocale=gnu --enable-libstdcxx-debug --enable-plugin --enable-objc-gc --disable-werror --with-arch-32=i486 --with-tune=generic --enable-checking=release --build=x86_64-linux-gnu --host=x86_64-linux-gnu --target=x86_64-linux-gnu
Thread model: posix
gcc version 4.4.3 (Ubuntu 4.4.3-4ubuntu5) 
configure:2528: $? = 0
configure:2517: gcc -V >&5
gcc: '-V' option must have argument
configure:2528: $? = 1
configure:2517: gcc -qversion >&5
gcc: unrecognized option '-qversion'
gcc: no input files
configure:2528: $? = 1
configure:2548: checking whether the C compiler works
configure:2570: gcc    conftest.c  >&5
configure:2574: $? = 0
configure:2623: result: yes
configure:2626: checking for C compiler default output file name
configure:2628: result: a.out
configure:2634: checking for suffix of executables
configure:2641: gcc -o conftest    conftest.c  >&5
configure:2645: $? = 0
configure:2667: result: 
configure:2689: checking whether we are cross compiling
configure:2697: gcc -o conftest    conftest.c  >&5
configure:2701: $? = 0
configure:2708: ./conftest
configure:2712: $? = 0
configure:2727: result: no
configure:2732: checking for suffix of object files
configure:2754: gcc -c   conftest.c >&5
configure:2758: $? = 0
configure:2779: result: o
configure:2783: checking whether we are using the GNU C compiler
configure:2802: gcc -c   conftest.c >&5
configure:2802: $? = 0
configure:2811: result: yes
configure:2820: checking whether gcc accepts -g
configure:2840: gcc -c -g  conftest.c >&5
configure:2840: $? = 0
configure:2881: result: yes
configure:2898: checking for gcc option to accept ISO C89
configure:2962: gcc  -c -g -O2  conftest.c >&5
configure:2962: $? = 0
configure:2975: result: none needed
configure:3006: checking for style of include used by make
configure:3034: result: GNU
configure:3062: checking dependency style of gcc
configure:3152: result: gcc3
configure:3283: creating ./config.status

## ---------------------- ##
## Running config.status. ##
## ---------------------- ##

This file was extended by config.status, which was
generated by GNU Autoconf 2.65.  Invocation command line was

  CONFIG_FILES    = 
  CONFIG_HEADERS  = 
  CONFIG_LINKS    = 
  CONFIG_COMMANDS = 
  $ ./config.status 

on fijoa

config.status:833: creating Makefile
config.status:833: creating src/Makefile
config.status:833: creating config.h
config.status:999: config.h is unchanged
config.status:1046: executing depfiles commands

## ---------------- ##
## Cache variables. ##
## ---------------- ##

ac_cv_c_compiler_gnu=yes
ac_cv_env_CC_set=
ac_cv_env_CC_value=
ac_cv_env_CFLAGS_set=
ac_cv_env_CFLAGS_value=
ac_cv_env_CPPFLAGS_set=
ac_cv_env_CPPFLAGS_value=
ac_cv_env_LDFLAGS_set=
ac_cv_env_LDFLAGS_value=
ac_cv_env_LIBS_set=
ac_cv_env_LIBS_value=
ac_cv_env_build_alias_set=
ac_cv_env_build_alias_value=
ac_cv_env_host_alias_set=
ac_cv_env_host_alias_value=
ac_cv_env_target_alias_set=
ac_cv_env_target_alias_value=
ac_cv_objext=o
ac_cv_path_install='/usr/bin/install -c'
ac_cv_prog_AWK=gawk
ac_cv_prog_ac_ct_CC=gcc
ac_cv_prog_cc_c89=
ac_cv_prog_cc_g=yes
ac_cv_prog_make_make_set=yes
am_cv_CC_dependencies_compiler_type=gcc3

## ----------------- ##
## Output variables. ##
## ----------------- ##

ACLOCAL='${SHELL} /home/manex/dokumentuak/lanak/OnEgin/missing --run aclocal-1.9'
AMDEPBACKSLASH='\'
AMDEP_FALSE='#'
AMDEP_TRUE=''
AMTAR='${SHELL} /home/manex/dokumentuak/lanak/OnEgin/missing --run tar'
AUTOCONF='${SHELL} /home/manex/dokumentuak/lanak/OnEgin/missing --run autoconf'
AUTOHEADER='${SHELL} /home/manex/dokumentuak/lanak/OnEgin/missing --run autoheader'
AUTOMAKE='${SHELL} /home/manex/dokumentuak/lanak/OnEgin/missing --run automake-1.9'
AWK='gawk'
CC='gcc'
CCDEPMODE='depmode=gcc3'
CFLAGS='-g -O2'
CPPFLAGS=''
CYGPATH_W='echo'
DEFS='-DHAVE_CONFIG_H'
DEPDIR='.deps'
ECHO_C=''
ECHO_N='-n'
ECHO_T=''
EXEEXT=''
INSTALL_DATA='${INSTALL} -m 644'
INSTALL_PROGRAM='${INSTALL}'
INSTALL_SCRIPT='${INSTALL}'
INSTALL_STRIP_PROGRAM='${SHELL} $(install_sh) -c -s'
LDFLAGS=''
LIBOBJS=''
LIBS=''
LTLIBOBJS=''
MAKEINFO='${SHELL} /home/manex/dokumentuak/lanak/OnEgin/missing --run makeinfo'
OBJEXT='o'
PACKAGE='elkarte_gastronomikoa'
PACKAGE_BUGREPORT=''
PACKAGE_NAME=''
PACKAGE_STRING=''
PACKAGE_TARNAME=''
PACKAGE_URL=''
PACKAGE_VERSION=''
PATH_SEPARATOR=':'
SET_MAKE=''
SHELL='/bin/bash'
STRIP=''
VERSION='0.1'
ac_ct_CC='gcc'
am__fastdepCC_FALSE='#'
am__fastdepCC_TRUE=''
am__include='include'
am__leading_dot='.'
am__quote=''
am__tar='${AMTAR} chof - "$$tardir"'
am__untar='${AMTAR} xf -'
bindir='${exec_prefix}/bin'
build_alias=''
datadir='${datarootdir}'
datarootdir='${prefix}/share'
docdir='${datarootdir}/doc/${PACKAGE}'
dvidir='${docdir}'
exec_prefix='${prefix}'
host_alias=''
htmldir='${docdir}'
includedir='${prefix}/include'
infodir='${datarootdir}/info'
install_sh='/home/manex/dokumentuak/lanak/OnEgin/install-sh'
libdir='${exec_prefix}/lib'
libexecdir='${exec_prefix}/libexec'
localedir='${datarootdir}/locale'
localstatedir='${prefix}/var'
mandir='${datarootdir}/man'
mkdir_p='mkdir -p --'
oldincludedir='/usr/include'
pdfdir='${docdir}'
prefix='/usr/local'
program_transform_name='s,x,x,'
psdir='${docdir}'
sbindir='${exec_prefix}/sbin'
sharedstatedir='${prefix}/com'
sysconfdir='${prefix}/etc'
target_alias=''

## ----------- ##
## confdefs.h. ##
## ----------- ##

/* confdefs.h */
#define PACKAGE_NAME ""
#define PACKAGE_TARNAME ""
#define PACKAGE_VERSION ""
#define PACKAGE_STRING ""
#define PACKAGE_BUGREPORT ""
#define PACKAGE_URL ""
#define PACKAGE "elkarte_gastronomikoa"
#define VERSION "0.1"

configure: exit 0
